<?xml version="1.0" encoding="UTF-8"?>
<!-- Generated by org.testng.reporters.JUnitXMLReporter -->
<testsuite ignored="0" hostname="Pallavi-Sadhus-MacBook-Air.local" failures="0" tests="12" name="Parallel Test" time="0.194" errors="0" timestamp="2023-01-12T22:40:37 CST">
  <testcase classname="paralleltests.class2" name="class2_test1" time="0.009"/>
  <testcase classname="paralleltests.Class3" name="class3_test1" time="0.025"/>
  <testcase classname="paralleltests.class2" name="class2_test2" time="0.009"/>
  <testcase classname="paralleltests.Class4" name="class4_test1" time="0.014"/>
  <testcase classname="paralleltests.Class4" name="class4_test1" time="0.002"/>
  <testcase classname="paralleltests.Class4" name="class4_test1" time="0.002"/>
  <testcase classname="paralleltests.Class3" name="class3_test2" time="0.015"/>
  <testcase classname="paralleltests.Class6" name="class6_test1" time="0.002"/>
  <testcase classname="paralleltests.Class5" name="class5_test1" time="0.03"/>
  <testcase classname="paralleltests.Class3" name="class3_test3" time="0.003"/>
  <testcase classname="paralleltests.Class1" name="class1_test2" time="0.01"/>
  <testcase classname="paralleltests.Class1" name="class1_test1" time="0.004"/>
</testsuite> <!-- Parallel Test -->
