<?xml version="1.0" encoding="UTF-8"?>
<!-- Generated by org.testng.reporters.JUnitXMLReporter -->
<testsuite ignored="0" hostname="Pallavi-Sadhus-MacBook-Air.local" failures="0" tests="5" name="Seqential Test" time="0.043" errors="0" timestamp="2023-01-12T22:40:37 CST">
  <testcase classname="paralleltests.Class7" name="class7_test1" time="0.002"/>
  <testcase classname="paralleltests.Class8" name="class8_test1" time="0.002"/>
  <testcase classname="paralleltests.Class8" name="class8_test1" time="0.002"/>
  <testcase classname="paralleltests.Class9" name="class9_test1" time="0.002"/>
  <testcase classname="paralleltests.Class10" name="class10_test1" time="0.002"/>
</testsuite> <!-- Seqential Test -->
