<?xml version="1.0" encoding="UTF-8"?>
<!-- Generated by org.testng.reporters.JUnitXMLReporter -->
<testsuite ignored="0" hostname="Pallavi-Sadhus-MacBook-Air.local" failures="0" tests="11" name="Test" time="27.352" errors="0" timestamp="2023-01-10T23:08:29 CST">
  <testcase classname="paralleltests.Class6" name="class6_test1" time="0.017"/>
  <testcase classname="paralleltests.Class7" name="class7_test1" time="0.017"/>
  <testcase classname="paralleltests.Class8" name="class8_test1" time="0.002"/>
  <testcase classname="paralleltests.Class9" name="class9_test1" time="0.004"/>
  <testcase classname="paralleltests.Class3" name="class3_test1" time="0.002"/>
  <testcase classname="paralleltests.Class4" name="class4_test1" time="0.003"/>
  <testcase classname="paralleltests.Class5" name="class5_test1" time="0.002"/>
  <testcase classname="paralleltests.Class10" name="class10_test1" time="0.002"/>
  <testcase classname="paralleltests.Class1" name="class1_chrome" time="10.074"/>
  <testcase classname="paralleltests.class2" name="class2_test1" time="0.003"/>
  <testcase classname="paralleltests.Class1" name="class1_firefox" time="27.067"/>
</testsuite> <!-- Test -->
